<?xml version="1.0" encoding="UTF-8"?>
<testng-results ignored="5" total="8" passed="3" failed="0" skipped="0">
  <reporter-output>
  </reporter-output>
  <suite started-at="2018-01-15T11:47:29Z" name="Suite" finished-at="2018-01-15T11:47:51Z" duration-ms="21910">
    <groups>
      <group name="sanity-group">
        <method signature="LoginWithFacbookTests.LoginWithFacbook()[pri:3, instance:WishiTests.LoginWithFacbookTests@4229bb3f]" name="LoginWithFacbook" class="WishiTests.LoginWithFacbookTests"/>
        <method signature="LoginWithFacbookTests.LoginWithFacbookWrongPassword()[pri:2, instance:WishiTests.LoginWithFacbookTests@4229bb3f]" name="LoginWithFacbookWrongPassword" class="WishiTests.LoginWithFacbookTests"/>
        <method signature="LoginWithFacbookTests.LoginWithFacbookWrongUserName()[pri:1, instance:WishiTests.LoginWithFacbookTests@4229bb3f]" name="LoginWithFacbookWrongUserName" class="WishiTests.LoginWithFacbookTests"/>
      </group> <!-- sanity-group -->
    </groups>
    <test started-at="2018-01-15T11:47:29Z" name="LoginWithFacbookTests" finished-at="2018-01-15T11:47:46Z" duration-ms="16872">
      <class name="WishiTests.LoginWithFacbookTests">
        <test-method is-config="true" signature="setup()[pri:0, instance:WishiTests.LoginWithFacbookTests@4229bb3f]" started-at="2018-01-15T13:47:29Z" name="setup" finished-at="2018-01-15T13:47:38Z" duration-ms="8217" status="PASS">
          <reporter-output>
          </reporter-output>
        </test-method> <!-- setup -->
        <test-method signature="LoginWithFacbookWrongUserName()[pri:1, instance:WishiTests.LoginWithFacbookTests@4229bb3f]" started-at="2018-01-15T13:47:38Z" name="LoginWithFacbookWrongUserName" finished-at="2018-01-15T13:47:43Z" duration-ms="5022" status="PASS">
          <reporter-output>
          </reporter-output>
        </test-method> <!-- LoginWithFacbookWrongUserName -->
        <test-method signature="LoginWithFacbookWrongPassword()[pri:2, instance:WishiTests.LoginWithFacbookTests@4229bb3f]" started-at="2018-01-15T13:47:43Z" name="LoginWithFacbookWrongPassword" finished-at="2018-01-15T13:47:44Z" duration-ms="1458" status="PASS">
          <reporter-output>
          </reporter-output>
        </test-method> <!-- LoginWithFacbookWrongPassword -->
        <test-method signature="LoginWithFacbook()[pri:3, instance:WishiTests.LoginWithFacbookTests@4229bb3f]" started-at="2018-01-15T13:47:44Z" name="LoginWithFacbook" finished-at="2018-01-15T13:47:46Z" duration-ms="2156" status="PASS">
          <reporter-output>
          </reporter-output>
        </test-method> <!-- LoginWithFacbook -->
      </class> <!-- WishiTests.LoginWithFacbookTests -->
    </test> <!-- LoginWithFacbookTests -->
    <test started-at="2018-01-15T11:47:51Z" name="SignUpByFacbook" finished-at="2018-01-15T11:47:51Z" duration-ms="0">
    </test> <!-- SignUpByFacbook -->
  </suite> <!-- Suite -->
</testng-results>
