<?xml version="1.0" encoding="UTF-8"?>
<!-- Generated by org.testng.reporters.JUnitXMLReporter -->
<testsuite ignored="0" hostname="yinons-MacBook-Pro.local" failures="0" tests="3" name="LoginWithFacbookTests" time="20.07" errors="0" timestamp="30 Jan 2018 14:27:15 GMT">
  <testcase classname="WishiTests.LoginWithFacbookTests" name="LoginWithFacbookWrongUserName" time="4.748"/>
  <testcase classname="WishiTests.LoginWithFacbookTests" name="LoginWithFacbookWrongPassword" time="1.977"/>
  <testcase classname="WishiTests.LoginWithFacbookTests" name="LoginWithFacbook" time="3.033"/>
</testsuite> <!-- LoginWithFacbookTests -->
