<?xml version="1.0" encoding="UTF-8"?>
<!-- Generated by org.testng.reporters.JUnitXMLReporter -->
<testsuite ignored="0" hostname="yinons-MacBook-Pro.local" failures="0" tests="7" name="Login" time="21.37" errors="0" timestamp="21 Dec 2017 16:18:01 GMT">
  <testcase classname="WishiTests.LoginTest" name="LoginClickable" time="1.499"/>
  <testcase classname="WishiTests.LoginTest" name="DoLogin" time="1.08"/>
  <testcase classname="WishiTests.LoginTest" name="FillPasswordWithOutToFillEmail" time="0.965"/>
  <testcase classname="WishiTests.LoginTest" name="FillEmailWithOutToFillPassword" time="0.96"/>
  <testcase classname="WishiTests.LoginTest" name="ClickLoginwWithOutToFillAnyFields" time="0.86"/>
  <testcase classname="WishiTests.LoginTest" name="FillCorrectEmailWithWrongPassword" time="2.409"/>
  <testcase classname="WishiTests.LoginTest" name="FillCorrectPasswordWithWrongEmail" time="1.026"/>
</testsuite> <!-- Login -->
