<?xml version="1.0" encoding="UTF-8"?>
<!-- Generated by org.testng.reporters.JUnitXMLReporter -->
<testsuite hostname="LAPTOP-2ER69HLS" ignored="0" name="ChatTests" tests="3" failures="0" timestamp="20 Dec 2017 15:52:17 GMT" time="58.405" errors="0">
  <testcase name="LoginAsStylist" time="1.448" classname="WishiTests.ChatTests"/>
  <testcase name="SendChatToclient" time="23.644" classname="WishiTests.ChatTests"/>
  <testcase name="SendChatToStylist" time="14.159" classname="WishiTests.ChatTests"/>
</testsuite> <!-- ChatTests -->
