<?xml version="1.0" encoding="UTF-8"?>
<!-- Generated by org.testng.reporters.JUnitXMLReporter -->
<testsuite hostname="LAPTOP-2ER69HLS" ignored="0" name="OnBoadingTests" tests="8" failures="0" timestamp="20 Dec 2017 15:52:53 GMT" time="35.373" errors="0">
  <testcase name="DoSignUp" time="5.351" classname="WishiTests.OnBoadingTests"/>
  <testcase name="FillPersonalInformation" time="4.967" classname="WishiTests.OnBoadingTests"/>
  <testcase name="SelectStyle" time="0.639" classname="WishiTests.OnBoadingTests"/>
  <testcase name="SelectStyleGoal" time="1.172" classname="WishiTests.OnBoadingTests"/>
  <testcase name="SelectInspiration" time="5.662" classname="WishiTests.OnBoadingTests"/>
  <testcase name="SelectLocation" time="0.611" classname="WishiTests.OnBoadingTests"/>
  <testcase name="SelectBrands" time="0.541" classname="WishiTests.OnBoadingTests"/>
  <testcase name="SelectLevel" time="1.404" classname="WishiTests.OnBoadingTests"/>
</testsuite> <!-- OnBoadingTests -->
