<?xml version="1.0" encoding="UTF-8"?>
<!-- Generated by org.testng.reporters.JUnitXMLReporter -->
<testsuite hostname="yinons-MBP" ignored="0" name="CheckOutSingleTest" tests="5" failures="0" timestamp="22 Jun 2018 00:17:32 GMT" time="262.636" errors="0">
  <testcase name="DoLogin" time="46.808" classname="Tests.CheckOutSingleTest"/>
  <testcase name="SearchStylist" time="12.838" classname="Tests.CheckOutSingleTest"/>
  <testcase name="SelectEvents" time="35.69" classname="Tests.CheckOutSingleTest"/>
  <testcase name="SelectSession" time="17.693" classname="Tests.CheckOutSingleTest"/>
  <testcase name="CompileBooking" time="133.129" classname="Tests.CheckOutSingleTest"/>
</testsuite> <!-- CheckOutSingleTest -->
