<?xml version="1.0" encoding="UTF-8"?>
<!-- Generated by org.testng.reporters.JUnitXMLReporter -->
<testsuite hostname="yinons-MBP" ignored="0" name="QuickQuizMale" tests="8" failures="0" timestamp="12 Apr 2018 18:52:32 GMT" time="460.523" errors="0">
  <testcase name="DoSignUp" time="144.249" classname="Tests.QuickQuizMale"/>
  <testcase name="SearchStylist" time="17.996" classname="Tests.QuickQuizMale"/>
  <testcase name="SelectEvents" time="42.251" classname="Tests.QuickQuizMale"/>
  <testcase name="SelectSession" time="23.299" classname="Tests.QuickQuizMale"/>
  <testcase name="MadeQuiz" time="83.102" classname="Tests.QuickQuizMale"/>
  <testcase name="SelectEvents2" time="47.608" classname="Tests.QuickQuizMale"/>
  <testcase name="SelectSession2" time="45.247" classname="Tests.QuickQuizMale"/>
  <testcase name="MadeQuiz2" time="36.39" classname="Tests.QuickQuizMale"/>
</testsuite> <!-- QuickQuizMale -->
