<?xml version="1.0" encoding="UTF-8"?>
<!-- Generated by org.testng.reporters.JUnitXMLReporter -->
<testsuite hostname="yinons-MBP" ignored="0" name="QuizForMaleTest" tests="14" failures="0" timestamp="14 May 2018 10:58:15 GMT" time="524.064" errors="0">
  <testcase name="DoSignUp" time="179.223" classname="Tests.QuizForMaleTest"/>
  <testcase name="SearchStylist" time="26.355" classname="Tests.QuizForMaleTest"/>
  <testcase name="SelectEvents" time="36.297" classname="Tests.QuizForMaleTest"/>
  <testcase name="SelectSession" time="81.098" classname="Tests.QuizForMaleTest"/>
  <testcase name="SelectBodyType" time="45.71" classname="Tests.QuizForMaleTest"/>
  <testcase name="SelectHeight" time="1.589" classname="Tests.QuizForMaleTest"/>
  <testcase name="SelectSize" time="42.8" classname="Tests.QuizForMaleTest"/>
  <testcase name="SelectColor" time="30.961" classname="Tests.QuizForMaleTest"/>
  <testcase name="SelectFabrics" time="25.488" classname="Tests.QuizForMaleTest"/>
  <testcase name="SelectFitTop" time="2.999" classname="Tests.QuizForMaleTest"/>
  <testcase name="SelectFitBottom" time="3.3" classname="Tests.QuizForMaleTest"/>
  <testcase name="SelectJewelry" time="4.849" classname="Tests.QuizForMaleTest"/>
  <testcase name="SelectZone" time="1.701" classname="Tests.QuizForMaleTest"/>
  <testcase name="SelectYourCloset" time="28.248" classname="Tests.QuizForMaleTest"/>
</testsuite> <!-- QuizForMaleTest -->
