<?xml version="1.0" encoding="UTF-8"?>
<!-- Generated by org.testng.reporters.JUnitXMLReporter -->
<testsuite hostname="yinons-MBP" ignored="0" name="SignUpTest" tests="4" failures="0" timestamp="30 Apr 2018 16:09:11 GMT" time="246.059" errors="0">
  <testcase name="Signupwithoutshtudel" time="25.48" classname="Tests.SignUpTest"/>
  <testcase name="SignupwithoutDotCom" time="70.625" classname="Tests.SignUpTest"/>
  <testcase name="FillPsswordWithLessthan6Characters" time="72.347" classname="Tests.SignUpTest"/>
  <testcase name="DoSignUp" time="65.426" classname="Tests.SignUpTest"/>
</testsuite> <!-- SignUpTest -->
