<?xml version="1.0" encoding="UTF-8"?>
<!-- Generated by org.testng.reporters.JUnitXMLReporter -->
<testsuite hostname="yinons-MBP" ignored="0" name="SignUpTest" tests="4" failures="0" timestamp="29 Jun 2018 00:51:11 GMT" time="151.732" errors="0">
  <testcase name="SignupwithoutDotCom" time="24.756" classname="Tests.SignUpTest"/>
  <testcase name="Signupwithoutshtudel" time="24.934" classname="Tests.SignUpTest"/>
  <testcase name="FillPsswordWithLessthan6Characters" time="52.028" classname="Tests.SignUpTest"/>
  <testcase name="DoSignUp" time="35.393" classname="Tests.SignUpTest"/>
</testsuite> <!-- SignUpTest -->
