<?xml version="1.0" encoding="UTF-8"?>
<!-- Generated by org.testng.reporters.JUnitXMLReporter -->
<testsuite hostname="yinons-MBP-2" ignored="0" name="SignUpByFacbookTest2" tests="5" failures="0" timestamp="06 Dec 2018 11:32:24 GMT" time="122.112" errors="0">
  <testcase name="LoginWithFacbookWrongUserName" time="25.699" classname="Tests.SignUpByFacbookTest2"/>
  <testcase name="LoginWithFacbookWrongPassword" time="6.935" classname="Tests.SignUpByFacbookTest2"/>
  <testcase name="LoginWithFacbookWithoutPassword" time="6.603" classname="Tests.SignUpByFacbookTest2"/>
  <testcase name="LoginWithFacbookWithoutUser" time="4.36" classname="Tests.SignUpByFacbookTest2"/>
  <testcase name="DoLoginWithFacbook" time="35.248" classname="Tests.SignUpByFacbookTest2"/>
</testsuite> <!-- SignUpByFacbookTest2 -->
