# JRE version: Java(TM) SE Runtime Environment (8.0_144-b01) (build 1.8.0_144-b01)
# Java VM: Java HotSpot(TM) 64-Bit Server VM (25.144-b01 mixed mode windows-amd64 compressed oops)
Heap:
 PSYoungGen      total 16896K, used 13545K [0x00000000ed800000, 0x00000000eea80000, 0x0000000100000000)
  eden space 14848K, 77% used [0x00000000ed800000,0x00000000ee342450,0x00000000ee680000)
  from space 2048K, 98% used [0x00000000ee680000,0x00000000ee878040,0x00000000ee880000)
  to   space 2048K, 0% used [0x00000000ee880000,0x00000000ee880000,0x00000000eea80000)
 ParOldGen       total 38400K, used 5894K [0x00000000c8800000, 0x00000000cad80000, 0x00000000ed800000)
  object space 38400K, 15% used [0x00000000c8800000,0x00000000c8dc1a08,0x00000000cad80000)
 Metaspace       used 16341K, capacity 16664K, committed 16896K, reserved 1064960K
  class space    used 2115K, capacity 2262K, committed 2304K, reserved 1048576K
GC Heap History (6 events):
Event: 1.758 GC heap before
{Heap before GC invocations=1 (full 0):
 PSYoungGen      total 16896K, used 14848K [0x00000000ed800000, 0x00000000eea80000, 0x0000000100000000)
  eden space 14848K, 100% used [0x00000000ed800000,0x00000000ee680000,0x00000000ee680000)
  from space 2048K, 0% used [0x00000000ee880000,0x00000000ee880000,0x00000000eea80000)
  to   space 2048K, 0% used [0x00000000ee680000,0x00000000ee680000,0x00000000ee880000)
 ParOldGen       total 38400K, used 0K [0x00000000c8800000, 0x00000000cad80000, 0x00000000ed800000)
  object space 38400K, 0% used [0x00000000c8800000,0x00000000c8800000,0x00000000cad80000)
 Metaspace       used 7941K, capacity 8038K, committed 8192K, reserved 1056768K
  class space    used 934K, capacity 977K, committed 1024K, reserved 1048576K
Event: 1.769 GC heap after
Heap after GC invocations=1 (full 0):
 PSYoungGen      total 16896K, used 2040K [0x00000000ed800000, 0x00000000eea80000, 0x0000000100000000)
  eden space 14848K, 0% used [0x00000000ed800000,0x00000000ed800000,0x00000000ee680000)
  from space 2048K, 99% used [0x00000000ee680000,0x00000000ee87e338,0x00000000ee880000)
  to   space 2048K, 0% used [0x00000000ee880000,0x00000000ee880000,0x00000000eea80000)
 ParOldGen       total 38400K, used 1286K [0x00000000c8800000, 0x00000000cad80000, 0x00000000ed800000)
  object space 38400K, 3% used [0x00000000c8800000,0x00000000c8941ad0,0x00000000cad80000)
 Metaspace       used 7941K, capacity 8038K, committed 8192K, reserved 1056768K
  class space    used 934K, capacity 977K, committed 1024K, reserved 1048576K
}
Event: 2.993 GC heap before
{Heap before GC invocations=2 (full 0):
 PSYoungGen      total 16896K, used 16888K [0x00000000ed800000, 0x00000000eea80000, 0x0000000100000000)
  eden space 14848K, 100% used [0x00000000ed800000,0x00000000ee680000,0x00000000ee680000)
  from space 2048K, 99% used [0x00000000ee680000,0x00000000ee87e338,0x00000000ee880000)
  to   space 2048K, 0% used [0x00000000ee880000,0x00000000ee880000,0x00000000eea80000)
 ParOldGen       total 38400K, used 1286K [0x00000000c8800000, 0x00000000cad80000, 0x00000000ed800000)
  object space 38400K, 3% used [0x00000000c8800000,0x00000000c8941ad0,0x00000000cad80000)
 Metaspace       used 11648K, capacity 11836K, committed 12032K, reserved 1060864K
  class space    used 1387K, capacity 1448K, committed 1536K, reserved 1048576K
Event: 3.007 GC heap after
Heap after GC invocations=2 (full 0):
 PSYoungGen      total 16896K, used 2016K [0x00000000ed800000, 0x00000000eea80000, 0x0000000100000000)
  eden space 14848K, 0% used [0x00000000ed800000,0x00000000ed800000,0x00000000ee680000)
  from space 2048K, 98% used [0x00000000ee880000,0x00000000eea78050,0x00000000eea80000)
  to   space 2048K, 0% used [0x00000000ee680000,0x00000000ee680000,0x00000000ee880000)
 ParOldGen       total 38400K, used 3383K [0x00000000c8800000, 0x00000000cad80000, 0x00000000ed800000)
  object space 38400K, 8% used [0x00000000c8800000,0x00000000c8b4dcc0,0x00000000cad80000)
 Metaspace       used 11648K, capacity 11836K, committed 12032K, reserved 1060864K
  class space    used 1387K, capacity 1448K, committed 1536K, reserved 1048576K
}
Event: 4.232 GC heap before
{Heap before GC invocations=3 (full 0):
 PSYoungGen      total 16896K, used 16864K [0x00000000ed800000, 0x00000000eea80000, 0x0000000100000000)
  eden space 14848K, 100% used [0x00000000ed800000,0x00000000ee680000,0x00000000ee680000)
  from space 2048K, 98% used [0x00000000ee880000,0x00000000eea78050,0x00000000eea80000)
  to   space 2048K, 0% used [0x00000000ee680000,0x00000000ee680000,0x00000000ee880000)
 ParOldGen       total 38400K, used 3383K [0x00000000c8800000, 0x00000000cad80000, 0x00000000ed800000)
  object space 38400K, 8% used [0x00000000c8800000,0x00000000c8b4dcc0,0x00000000cad80000)
 Metaspace       used 13823K, capacity 14102K, committed 14464K, reserved 1062912K
  class space    used 1710K, capacity 1819K, committed 1920K, reserved 1048576K
Event: 4.243 GC heap after
Heap after GC invocations=3 (full 0):
 PSYoungGen      total 16896K, used 2016K [0x00000000ed800000, 0x00000000eea80000, 0x0000000100000000)
  eden space 14848K, 0% used [0x00000000ed800000,0x00000000ed800000,0x00000000ee680000)
  from space 2048K, 98% used [0x00000000ee680000,0x00000000ee878040,0x00000000ee880000)
  to   space 2048K, 0% used [0x00000000ee880000,0x00000000ee880000,0x00000000eea80000)
 ParOldGen       total 38400K, used 5894K [0x00000000c8800000, 0x00000000cad80000, 0x00000000ed800000)
  object space 38400K, 15% used [0x00000000c8800000,0x00000000c8dc1a08,0x00000000cad80000)
 Metaspace       used 13823K, capacity 14102K, committed 14464K, reserved 1062912K
  class space    used 1710K, capacity 1819K, committed 1920K, reserved 1048576K
}

