<?xml version="1.0" encoding="UTF-8"?>
<!-- Generated by org.testng.reporters.JUnitXMLReporter -->
<testsuite hostname="yinons-MBP-2" ignored="0" name="BookingCuponTests" tests="3" failures="0" timestamp="04 Apr 2019 07:56:11 GMT" time="173.654" errors="0">
  <testcase name="DoSignUp" time="71.235" classname="Tests.BookingCuponTests"/>
  <testcase name="BookMajorCupon" time="37.797" classname="Tests.BookingCuponTests"/>
  <testcase name="BookMiniCupon" time="34.763" classname="Tests.BookingCuponTests"/>
</testsuite> <!-- BookingCuponTests -->
