<?xml version="1.0" encoding="UTF-8"?>
<!-- Generated by org.testng.reporters.JUnitXMLReporter -->
<testsuite hostname="yinons-MBP-2" ignored="0" name="BookingCCTests" tests="3" failures="0" timestamp="04 Apr 2019 07:53:17 GMT" time="185.447" errors="0">
  <testcase name="DoSignUp" time="70.185" classname="Tests.BookingCCTests"/>
  <testcase name="BookMiniCreditCard" time="45.806" classname="Tests.BookingCCTests"/>
  <testcase name="BookMajorCreditCard" time="39.655" classname="Tests.BookingCCTests"/>
</testsuite> <!-- BookingCCTests -->
