<?xml version="1.0" encoding="UTF-8"?>
<!-- Generated by org.testng.reporters.JUnitXMLReporter -->
<testsuite hostname="yinons-MBP-2" ignored="0" name="ChatTests" tests="3" failures="0" timestamp="15 Nov 2018 13:55:02 GMT" time="133.565" errors="0">
  <testcase name="LoginAsStylist" time="5.706" classname="Tests.ChatTests"/>
  <testcase name="SendChatToclient" time="61.157" classname="Tests.ChatTests"/>
  <testcase name="SendChatToStylist" time="45.836" classname="Tests.ChatTests"/>
</testsuite> <!-- ChatTests -->
