<?xml version="1.0" encoding="UTF-8"?>
<!-- Generated by org.testng.reporters.JUnitXMLReporter -->
<testsuite ignored="0" hostname="yinons-MacBook-Pro.local" failures="0" tests="5" name="Default test" time="13.665" errors="0" timestamp="15 Jan 2018 11:46:54 GMT">
  <testcase classname="WishiTests.SignUpTest" name="SignUpClickable" time="0.308"/>
  <testcase classname="WishiTests.SignUpTest" name="FillEmailWitoutShtudel" time="0.952"/>
  <testcase classname="WishiTests.SignUpTest" name="FillEmailWithoutDotCom" time="0.543"/>
  <testcase classname="WishiTests.SignUpTest" name="FillPsswordWithLessthan6Characters" time="0.496"/>
  <testcase classname="WishiTests.SignUpTest" name="DoSignUp" time="3.337"/>
</testsuite> <!-- Default test -->
