<?xml version="1.0" encoding="UTF-8"?>
<!-- Generated by org.testng.reporters.JUnitXMLReporter -->
<testsuite hostname="yinons-MBP-2" ignored="0" name="Default test" tests="4" failures="0" timestamp="13 Sep 2018 15:29:41 GMT" time="165.304" errors="0">
  <testcase name="SignupwithoutDotCom" time="24.57" classname="Tests.SignUpTest"/>
  <testcase name="Signupwithoutshtudel" time="24.662" classname="Tests.SignUpTest"/>
  <testcase name="FillPsswordWithLessthan6Characters" time="52.267" classname="Tests.SignUpTest"/>
  <testcase name="DoSignUp" time="49.093" classname="Tests.SignUpTest"/>
</testsuite> <!-- Default test -->
