<?xml version="1.0" encoding="UTF-8"?>
<!-- Generated by org.testng.reporters.JUnitXMLReporter -->
<testsuite hostname="yinons-MacBook-Pro-2.local" ignored="0" name="BookingMembershipTests" tests="2" failures="0" timestamp="27 Sep 2018 11:17:46 GMT" time="111.016" errors="0">
  <testcase name="DoSignUp" time="65.036" classname="WishiTests.BookingMembershipTests"/>
  <testcase name="CheckOutSession" time="33.294" classname="WishiTests.BookingMembershipTests"/>
</testsuite> <!-- BookingMembershipTests -->
