<?xml version="1.0" encoding="UTF-8"?>
<!-- Generated by org.testng.reporters.JUnitXMLReporter -->
<testsuite hostname="yinons-MacBook-Pro-2.local" ignored="0" name="BookingMembershipTests" tests="2" failures="0" timestamp="26 Nov 2018 16:57:24 GMT" time="106.158" errors="0">
  <testcase name="DoSignUp" time="42.569" classname="WishiTests.BookingMembershipTests"/>
  <testcase name="CheckOutSession" time="51.165" classname="WishiTests.BookingMembershipTests"/>
</testsuite> <!-- BookingMembershipTests -->
