<?xml version="1.0" encoding="UTF-8"?>
<!-- Generated by org.testng.reporters.JUnitXMLReporter -->
<testsuite hostname="yinons-MBP-2" ignored="0" name="BookingMembershipTests" tests="3" failures="0" timestamp="20 Jun 2019 13:24:09 GMT" time="175.108" errors="0">
  <testcase name="DoSignUp" time="69.794" classname="WishiTests.BookingMembershipTests"/>
  <testcase name="MembershipMini" time="40.666" classname="WishiTests.BookingMembershipTests"/>
  <testcase name="MembershipMajor" time="43.436" classname="WishiTests.BookingMembershipTests"/>
</testsuite> <!-- BookingMembershipTests -->
