<?xml version="1.0" encoding="UTF-8"?>
<!-- Generated by org.testng.reporters.JUnitXMLReporter -->
<testsuite hostname="yinons-MacBook-Pro-2.local" ignored="0" name="BookingMembershipTests" tests="2" failures="0" timestamp="14 Nov 2018 07:54:57 GMT" time="88.265" errors="0">
  <testcase name="DoSignUp" time="36.647" classname="WishiTests.BookingMembershipTests"/>
  <testcase name="CheckOutSession" time="39.934" classname="WishiTests.BookingMembershipTests"/>
</testsuite> <!-- BookingMembershipTests -->
