<?xml version="1.0" encoding="UTF-8"?>
<!-- Generated by org.testng.reporters.JUnitXMLReporter -->
<testsuite hostname="yinons-MacBook-Pro-2.local" ignored="0" name="BookingMembershipTests" tests="3" failures="0" timestamp="04 Apr 2019 10:54:54 GMT" time="170.752" errors="0">
  <testcase name="DoSignUp" time="63.971" classname="WishiTests.BookingMembershipTests"/>
  <testcase name="MembershipMini" time="39.728" classname="WishiTests.BookingMembershipTests"/>
  <testcase name="MembershipMajor" time="45.363" classname="WishiTests.BookingMembershipTests"/>
</testsuite> <!-- BookingMembershipTests -->
