<?xml version="1.0" encoding="UTF-8"?>
<!-- Generated by org.testng.reporters.JUnitXMLReporter -->
<testsuite hostname="yinons-MacBook-Pro-2.local" ignored="0" name="LoginWithFacbookFailsTests" tests="5" failures="0" timestamp="14 Nov 2018 07:18:28 GMT" time="32.56" errors="0">
  <testcase name="LoginWitoutUserAndPassword" time="5.741" classname="WishiTests.LoginWithFacbookFailsTests"/>
  <testcase name="LoginWitoutUser" time="1.28" classname="WishiTests.LoginWithFacbookFailsTests"/>
  <testcase name="LoginWitoutPassword" time="1.715" classname="WishiTests.LoginWithFacbookFailsTests"/>
  <testcase name="LoginWithFacbookWrongPassword" time="1.837" classname="WishiTests.LoginWithFacbookFailsTests"/>
  <testcase name="LoginWithFacbookWrongUserName" time="5.604" classname="WishiTests.LoginWithFacbookFailsTests"/>
</testsuite> <!-- LoginWithFacbookFailsTests -->
