<?xml version="1.0" encoding="UTF-8"?>
<!-- Generated by org.testng.reporters.JUnitXMLReporter -->
<testsuite hostname="yinons-MBP-2" ignored="0" name="QwizMaleTests" tests="9" failures="0" timestamp="20 Jun 2019 13:19:01 GMT" time="243.534" errors="0">
  <testcase name="DoSignUp" time="164.472" classname="WishiTests.QwizMaleTests"/>
  <testcase name="CheckOutSession" time="26.828" classname="WishiTests.QwizMaleTests"/>
  <testcase name="SelectHeight" time="3.716" classname="WishiTests.QwizMaleTests"/>
  <testcase name="SelectColors" time="3.522" classname="WishiTests.QwizMaleTests"/>
  <testcase name="SelectFabrics" time="3.384" classname="WishiTests.QwizMaleTests"/>
  <testcase name="SelectSize" time="6.028" classname="WishiTests.QwizMaleTests"/>
  <testcase name="SelectBudget" time="6.072" classname="WishiTests.QwizMaleTests"/>
  <testcase name="SelectComfortZone" time="3.721" classname="WishiTests.QwizMaleTests"/>
  <testcase name="FillNumberPhone" time="5.888" classname="WishiTests.QwizMaleTests"/>
</testsuite> <!-- QwizMaleTests -->
