<?xml version="1.0" encoding="UTF-8"?>
<!-- Generated by org.testng.reporters.JUnitXMLReporter -->
<testsuite hostname="yinons-MBP-2" ignored="0" name="QwizTests" tests="13" failures="0" timestamp="28 Nov 2018 11:10:14 GMT" time="120.678" errors="0">
  <testcase name="DoSignUp" time="37.573" classname="WishiTests.QwizTests"/>
  <testcase name="CheckOutSession" time="25.493" classname="WishiTests.QwizTests"/>
  <testcase name="SelectBodyType" time="3.111" classname="WishiTests.QwizTests"/>
  <testcase name="SelectHeight" time="3.422" classname="WishiTests.QwizTests"/>
  <testcase name="SelectColors" time="3.52" classname="WishiTests.QwizTests"/>
  <testcase name="SelectHighlight" time="3.419" classname="WishiTests.QwizTests"/>
  <testcase name="SelectClothingPreferences" time="3.374" classname="WishiTests.QwizTests"/>
  <testcase name="SelectHeels" time="3.459" classname="WishiTests.QwizTests"/>
  <testcase name="SelectFabrics" time="3.369" classname="WishiTests.QwizTests"/>
  <testcase name="SelectSize" time="6.083" classname="WishiTests.QwizTests"/>
  <testcase name="SelectComfortZone" time="3.377" classname="WishiTests.QwizTests"/>
  <testcase name="SelectJEWELRY" time="6.387" classname="WishiTests.QwizTests"/>
  <testcase name="FillNumberPhone" time="5.92" classname="WishiTests.QwizTests"/>
</testsuite> <!-- QwizTests -->
