<?xml version="1.0" encoding="UTF-8"?>
<!-- Generated by org.testng.reporters.JUnitXMLReporter -->
<testsuite hostname="yinons-MBP-2" ignored="0" name="SignUpByFacbookfailes" tests="4" failures="0" timestamp="27 Aug 2018 07:36:39 GMT" time="48.886" errors="0">
  <testcase name="SignUpWithFacbookWrongUserName" time="16.16" classname="WishiTests.SignUpByFacbookfailes"/>
  <testcase name="SignUpWithFacbookWitOutEmail" time="11.253" classname="WishiTests.SignUpByFacbookfailes"/>
  <testcase name="SignUpWithFacbookWitOutPassword" time="3.391" classname="WishiTests.SignUpByFacbookfailes"/>
  <testcase name="SignUpWithFacbookWrongPassword" time="3.757" classname="WishiTests.SignUpByFacbookfailes"/>
</testsuite> <!-- SignUpByFacbookfailes -->
